<?xml version="1.0" encoding="UTF-8"?>
<testsuite xmlns:xsi="http://www.w3.org/2001/XMLSchema-instance" xsi:noNamespaceSchemaLocation="https://maven.apache.org/surefire/maven-surefire-plugin/xsd/surefire-test-report-3.0.xsd" version="3.0" name="lambda.LambdaHandlerTest" time="4.505" tests="1" errors="0" skipped="0" failures="0">
  <properties>
[...]
</properties>
  <testcase name="testSimpleLambdaSuccess" classname="lambda.LambdaHandlerTest" time="1.265">
    <system-out><![CDATA[2024-06-21 18:07:17,237 INFO  [io.qua.ama.lam.run.MockEventServer] (build-34) Mock Lambda Event Server Started
2024-06-21 18:07:17,925 INFO  [io.qua.ama.lam.run.AbstractLambdaPollLoop] (Lambda Thread (TEST)) Listening on: http://localhost:8081/_lambda_/2018-06-01/runtime/invocation/next
2024-06-21 18:07:17,941 INFO  [io.quarkus] (main) quarkus-lambda 1.0-SNAPSHOT on JVM (powered by Quarkus 3.11.1) started in 2.381s. 
2024-06-21 18:07:17,956 INFO  [io.quarkus] (main) Profile test activated. 
2024-06-21 18:07:17,956 INFO  [io.quarkus] (main) Installed features: [amazon-lambda, cdi]
chegou aqui?
chegou aqui]]></system-out>
  </testcase>
</testsuite>